<?xml version="1.0" encoding="UTF-8"?>
<!-- Generated by org.testng.reporters.JUnitXMLReporter -->
<testsuite hostname="PRANAY" ignored="1" name="Test" tests="3" failures="0" timestamp="01 Feb 2017 15:49:14 GMT" time="0.261" errors="0">
  <testcase name="delP2" time="0.03" classname="SanityTests.NewTest3"/>
  <testcase name="addP2" time="0.009" classname="SanityTests.NewTest3"/>
  <testcase name="delP1" time="0.011" classname="SanityTests.NewTest3"/>
  <testcase name="addP1" time="0.0" classname="SanityTests.NewTest3">
    <ignored/>
  </testcase> <!-- addP1 -->
</testsuite> <!-- Test -->
