<?xml version="1.0" encoding="UTF-8"?>
<testng-results skipped="0" failed="0" ignored="0" total="2" passed="2">
  <reporter-output>
  </reporter-output>
  <suite name="Default suite" duration-ms="108876" started-at="2017-07-11T14:10:51Z" finished-at="2017-07-11T14:12:40Z">
    <groups>
    </groups>
    <test name="Default test" duration-ms="108876" started-at="2017-07-11T14:10:51Z" finished-at="2017-07-11T14:12:40Z">
      <class name="SanityTests.Test333">
        <test-method status="PASS" signature="launch()[pri:0, instance:SanityTests.Test333@ae45eb6]" name="launch" is-config="true" duration-ms="50856" started-at="2017-07-11T19:40:51Z" finished-at="2017-07-11T19:41:42Z">
          <reporter-output>
          </reporter-output>
        </test-method> <!-- launch -->
        <test-method status="PASS" signature="search1()[pri:0, instance:SanityTests.Test333@ae45eb6]" name="search1" duration-ms="14048" started-at="2017-07-11T19:41:42Z" finished-at="2017-07-11T19:41:56Z">
          <reporter-output>
          </reporter-output>
        </test-method> <!-- search1 -->
        <test-method status="PASS" signature="search2()[pri:0, instance:SanityTests.Test333@ae45eb6]" name="search2" duration-ms="39390" started-at="2017-07-11T19:41:56Z" finished-at="2017-07-11T19:42:36Z">
          <reporter-output>
          </reporter-output>
        </test-method> <!-- search2 -->
        <test-method status="PASS" signature="closeb()[pri:0, instance:SanityTests.Test333@ae45eb6]" name="closeb" is-config="true" duration-ms="4469" started-at="2017-07-11T19:42:36Z" finished-at="2017-07-11T19:42:40Z">
          <reporter-output>
          </reporter-output>
        </test-method> <!-- closeb -->
      </class> <!-- SanityTests.Test333 -->
    </test> <!-- Default test -->
  </suite> <!-- Default suite -->
</testng-results>
